[29Apr2025 15:10:09.612] [main/INFO] [cpw.mods.modlauncher.Launcher/MODLAUNCHER]: ModLauncher running: args [--launchTarget, neoforgeclientdev, --version, 21.4.123, --assetIndex, 19, --assetsDir, C:\\Users\\Cherry\\.mcreator\\gradle\\caches\\neoformruntime\\assets, --gameDir, ., --fml.fmlVersion, 6.0.11, --fml.mcVersion, 1.21.4, --fml.neoForgeVersion, 21.4.123, --fml.neoFormVersion, 20241203.161809]
[29Apr2025 15:10:09.618] [main/INFO] [cpw.mods.modlauncher.Launcher/MODLAUNCHER]: JVM identified as Eclipse Adoptium OpenJDK 64-Bit Server VM 21.0.5+11-LTS
[29Apr2025 15:10:09.621] [main/INFO] [cpw.mods.modlauncher.Launcher/MODLAUNCHER]: ModLauncher 11.0.4+main.d2e20e43 starting: java version 21.0.5 by Eclipse Adoptium; OS Windows 11 arch amd64 version 10.0
[29Apr2025 15:10:09.794] [main/INFO] [net.neoforged.fml.loading.ImmediateWindowHandler/]: Loading ImmediateWindowProvider fmlearlywindow
[29Apr2025 15:10:09.907] [main/INFO] [EARLYDISPLAY/]: Trying GL version 4.6
[29Apr2025 15:10:10.258] [main/INFO] [EARLYDISPLAY/]: Requested GL version 4.6 got version 4.6
[29Apr2025 15:10:10.482] [main/INFO] [mixin/]: SpongePowered MIXIN Subsystem Version=0.8.7 Source=union:/C:/Users/Cherry/.mcreator/gradle/caches/modules-2/files-2.1/net.fabricmc/sponge-mixin/0.15.2+mixin.0.8.7/2af2f021d8e02a0220dc27a7a72b4666d66d44ca/sponge-mixin-0.15.2+mixin.0.8.7.jar%23162!/ Service=ModLauncher Env=CLIENT
[29Apr2025 15:10:10.874] [pool-2-thread-1/INFO] [EARLYDISPLAY/]: GL info: Intel(R) Iris(R) Xe Graphics GL version 4.6.0 - Build 30.0.101.1340, Intel
[29Apr2025 15:10:11.178] [main/INFO] [net.neoforged.fml.loading.moddiscovery.locators.JarInJarDependencyLocator/]: Found 2 dependencies adding them to mods collection
[29Apr2025 15:10:11.180] [main/INFO] [net.neoforged.fml.loading.moddiscovery.ModDiscoverer/]: 
     Mod List:
		Name Version (Mod Id)

		Minecraft 1.21.4 (minecraft)
		NeoForge 21.4.123 (neoforge)
		Proxima Adventure 1.0.0 (proxima_adventure)
[29Apr2025 15:10:12.222] [main/INFO] [cpw.mods.modlauncher.LaunchServiceHandler/MODLAUNCHER]: Launching target 'neoforgeclientdev' with arguments [--version, 21.4.123, --gameDir, ., --assetsDir, C:\Users\Cherry\.mcreator\gradle\caches\neoformruntime\assets, --assetIndex, 19]
[29Apr2025 15:10:14.881] [Datafixer Bootstrap/INFO] [com.mojang.datafixers.DataFixerBuilder/]: 246 Datafixer optimizations took 900 milliseconds
[29Apr2025 15:10:15.009] [pool-7-thread-1/INFO] [MixinExtras|Service/]: Initializing MixinExtras via com.llamalad7.mixinextras.service.MixinExtrasServiceImpl(version=0.4.1).
[29Apr2025 15:10:22.712] [main/WARN] [net.minecraft.commands.Commands/]: Ambiguity between arguments [teleport, location] and [teleport, destination] with inputs: [0.1 -0.5 .9, 0 0 0]
[29Apr2025 15:10:22.717] [main/WARN] [net.minecraft.commands.Commands/]: Ambiguity between arguments [teleport, location] and [teleport, targets] with inputs: [0.1 -0.5 .9, 0 0 0]
[29Apr2025 15:10:22.723] [main/WARN] [net.minecraft.commands.Commands/]: Ambiguity between arguments [teleport, destination] and [teleport, targets] with inputs: [Player, 0123, @e, dd12be42-52a9-4a91-a8a1-11c01849e498]
[29Apr2025 15:10:22.726] [main/WARN] [net.minecraft.commands.Commands/]: Ambiguity between arguments [teleport, targets] and [teleport, destination] with inputs: [Player, 0123, dd12be42-52a9-4a91-a8a1-11c01849e498]
[29Apr2025 15:10:22.729] [main/WARN] [net.minecraft.commands.Commands/]: Ambiguity between arguments [teleport, targets, location] and [teleport, targets, destination] with inputs: [0.1 -0.5 .9, 0 0 0]
[29Apr2025 15:10:22.986] [Render thread/WARN] [net.minecraft.server.packs.VanillaPackResourcesBuilder/]: Assets URL 'union:/D:/minecraft-proxy-mod/build/moddev/artifacts/neoforge-21.4.123.jar%23215!/assets/.mcassetsroot' uses unexpected schema
[29Apr2025 15:10:22.986] [Render thread/WARN] [net.minecraft.server.packs.VanillaPackResourcesBuilder/]: Assets URL 'union:/D:/minecraft-proxy-mod/build/moddev/artifacts/neoforge-21.4.123.jar%23215!/data/.mcassetsroot' uses unexpected schema
[29Apr2025 15:10:23.029] [Render thread/INFO] [com.mojang.authlib.yggdrasil.YggdrasilAuthenticationService/]: Environment: Environment[sessionHost=https://sessionserver.mojang.com, servicesHost=https://api.minecraftservices.com, name=PROD]
[29Apr2025 15:10:23.043] [Render thread/INFO] [net.minecraft.client.Minecraft/]: Setting user: Dev
[29Apr2025 15:10:23.168] [Render thread/INFO] [net.minecraft.client.Minecraft/]: Backend library: LWJGL version 3.3.3+5
[29Apr2025 15:10:23.533] [modloading-worker-0/INFO] [net.neoforged.neoforge.common.NeoForgeMod/NEOFORGE-MOD]: NeoForge mod loading, version 21.4.123, for MC 1.21.4
[29Apr2025 15:10:25.691] [Render thread/INFO] [net.neoforged.neoforge.gametest.GameTestHooks/]: Enabled Gametest Namespaces: []
[29Apr2025 15:10:26.479] [Render thread/INFO] [net.minecraft.server.packs.resources.ReloadableResourceManager/]: Reloading ResourceManager: mod_resources, mod/neoforge, mod/proxima_adventure, vanilla
[29Apr2025 15:10:27.292] [resourceLoad/INFO] [net.minecraft.client.gui.font.providers.UnihexProvider/]: Found unifont_all_no_pua-16.0.01.hex, loading
[29Apr2025 15:10:28.294] [resourceLoad/INFO] [net.minecraft.client.gui.font.providers.UnihexProvider/]: Found unifont_jp_patch-16.0.01.hex, loading
[29Apr2025 15:10:32.741] [Render thread/INFO] [com.mojang.blaze3d.audio.Library/]: OpenAL initialized on device OpenAL Soft on Speakers (Realtek(R) Audio)
[29Apr2025 15:10:32.742] [Render thread/INFO] [net.minecraft.client.sounds.SoundEngine/SOUNDS]: Sound engine started
[29Apr2025 15:10:32.847] [Render thread/INFO] [net.minecraft.client.renderer.texture.TextureAtlas/]: Created: 1024x512x2 minecraft:textures/atlas/blocks.png-atlas
[29Apr2025 15:10:33.358] [Render thread/INFO] [net.minecraft.client.renderer.texture.TextureAtlas/]: Created: 256x256x2 minecraft:textures/atlas/signs.png-atlas
[29Apr2025 15:10:33.366] [Render thread/INFO] [net.minecraft.client.renderer.texture.TextureAtlas/]: Created: 512x512x2 minecraft:textures/atlas/shield_patterns.png-atlas
[29Apr2025 15:10:33.384] [Render thread/INFO] [net.minecraft.client.renderer.texture.TextureAtlas/]: Created: 512x512x2 minecraft:textures/atlas/banner_patterns.png-atlas
[29Apr2025 15:10:33.401] [Render thread/INFO] [net.minecraft.client.renderer.texture.TextureAtlas/]: Created: 2048x1024x2 minecraft:textures/atlas/armor_trims.png-atlas
[29Apr2025 15:10:33.612] [Render thread/INFO] [net.minecraft.client.renderer.texture.TextureAtlas/]: Created: 256x256x2 minecraft:textures/atlas/chest.png-atlas
[29Apr2025 15:10:33.619] [Render thread/INFO] [net.minecraft.client.renderer.texture.TextureAtlas/]: Created: 128x64x2 minecraft:textures/atlas/decorated_pot.png-atlas
[29Apr2025 15:10:33.633] [Render thread/INFO] [net.minecraft.client.renderer.texture.TextureAtlas/]: Created: 512x256x2 minecraft:textures/atlas/shulker_boxes.png-atlas
[29Apr2025 15:10:33.651] [Render thread/INFO] [net.minecraft.client.renderer.texture.TextureAtlas/]: Created: 512x256x2 minecraft:textures/atlas/beds.png-atlas
[29Apr2025 15:10:33.690] [Render thread/INFO] [net.minecraft.client.renderer.texture.TextureAtlas/]: Created: 64x64x0 minecraft:textures/atlas/map_decorations.png-atlas
[29Apr2025 15:10:33.952] [Render thread/INFO] [net.minecraft.client.renderer.texture.TextureAtlas/]: Created: 512x256x0 minecraft:textures/atlas/particles.png-atlas
[29Apr2025 15:10:34.096] [Render thread/INFO] [net.minecraft.client.renderer.texture.TextureAtlas/]: Created: 512x256x0 minecraft:textures/atlas/paintings.png-atlas
[29Apr2025 15:10:34.133] [Render thread/INFO] [net.minecraft.client.renderer.texture.TextureAtlas/]: Created: 256x128x0 minecraft:textures/atlas/mob_effects.png-atlas
[29Apr2025 15:10:34.156] [Render thread/INFO] [net.minecraft.client.renderer.texture.TextureAtlas/]: Created: 1024x512x0 minecraft:textures/atlas/gui.png-atlas
[29Apr2025 15:10:34.444] [Render thread/INFO] [net.neoforged.neoforge.client.entity.animation.json.AnimationLoader/]: Loaded 0 entity animations
[29Apr2025 15:11:48.603] [Render thread/INFO] [net.minecraft.world.item.crafting.RecipeManager/]: Loaded 1370 recipes
[29Apr2025 15:11:48.623] [Render thread/INFO] [net.minecraft.advancements.AdvancementTree/]: Loaded 1481 advancements
[29Apr2025 15:11:48.626] [Render thread/INFO] [net.neoforged.neoforge.common.crafting.RecipePriorityManager/]: Loaded 0 recipe priority overrides
[29Apr2025 15:11:55.852] [Server thread/INFO] [net.minecraft.client.server.IntegratedServer/]: Starting integrated minecraft server version 1.21.4
[29Apr2025 15:11:55.852] [Server thread/INFO] [net.minecraft.server.MinecraftServer/]: Generating keypair
[29Apr2025 15:12:02.514] [Server thread/INFO] [net.minecraft.server.MinecraftServer/]: Preparing start region for dimension minecraft:overworld
[29Apr2025 15:12:02.610] [progressListener/INFO] [net.minecraft.server.level.progress.LoggerChunkProgressListener/]: Preparing spawn area: 2%
[29Apr2025 15:12:03.036] [progressListener/INFO] [net.minecraft.server.level.progress.LoggerChunkProgressListener/]: Preparing spawn area: 2%
[29Apr2025 15:12:03.554] [progressListener/INFO] [net.minecraft.server.level.progress.LoggerChunkProgressListener/]: Preparing spawn area: 2%
[29Apr2025 15:12:04.032] [progressListener/INFO] [net.minecraft.server.level.progress.LoggerChunkProgressListener/]: Preparing spawn area: 2%
[29Apr2025 15:12:04.566] [progressListener/INFO] [net.minecraft.server.level.progress.LoggerChunkProgressListener/]: Preparing spawn area: 18%
[29Apr2025 15:12:05.027] [progressListener/INFO] [net.minecraft.server.level.progress.LoggerChunkProgressListener/]: Preparing spawn area: 18%
[29Apr2025 15:12:05.520] [progressListener/INFO] [net.minecraft.server.level.progress.LoggerChunkProgressListener/]: Preparing spawn area: 18%
[29Apr2025 15:12:06.028] [progressListener/INFO] [net.minecraft.server.level.progress.LoggerChunkProgressListener/]: Preparing spawn area: 51%
[29Apr2025 15:12:06.525] [progressListener/INFO] [net.minecraft.server.level.progress.LoggerChunkProgressListener/]: Preparing spawn area: 51%
[29Apr2025 15:12:07.021] [progressListener/INFO] [net.minecraft.server.level.progress.LoggerChunkProgressListener/]: Preparing spawn area: 51%
[29Apr2025 15:12:07.390] [progressListener/INFO] [net.minecraft.server.level.progress.LoggerChunkProgressListener/]: Time elapsed: 4873 ms
[29Apr2025 15:12:07.394] [Server thread/INFO] [net.neoforged.neoforge.server.permission.PermissionAPI/]: Successfully initialized permission handler neoforge:default_handler
[29Apr2025 15:12:07.507] [Server thread/INFO] [net.minecraft.client.server.IntegratedServer/]: Changing view distance to 5, from 10
[29Apr2025 15:12:07.507] [Server thread/INFO] [net.minecraft.client.server.IntegratedServer/]: Changing simulation distance to 12, from 0
[29Apr2025 15:12:08.751] [Server thread/INFO] [net.minecraft.server.players.PlayerList/]: Dev[local:E:301b5477] logged in with entity id 46 at (-4.5, 71.0, -8.5)
[29Apr2025 15:12:08.857] [Server thread/INFO] [net.minecraft.server.MinecraftServer/]: Dev joined the game
[29Apr2025 15:12:09.069] [Render thread/INFO] [net.minecraft.advancements.AdvancementTree/]: Loaded 2 advancements
[29Apr2025 15:12:10.259] [Server thread/INFO] [net.minecraft.client.server.IntegratedServer/]: Saving and pausing game...
[29Apr2025 15:12:10.368] [Server thread/INFO] [net.minecraft.server.MinecraftServer/]: Saving chunks for level 'ServerLevel[New World]'/minecraft:overworld
[29Apr2025 15:12:10.487] [Server thread/INFO] [net.minecraft.server.MinecraftServer/]: Saving chunks for level 'ServerLevel[New World]'/proxima_adventure:proxima_b_dimension
[29Apr2025 15:12:10.487] [Server thread/INFO] [net.minecraft.server.MinecraftServer/]: Saving chunks for level 'ServerLevel[New World]'/minecraft:the_nether
[29Apr2025 15:12:10.490] [Server thread/INFO] [net.minecraft.server.MinecraftServer/]: Saving chunks for level 'ServerLevel[New World]'/minecraft:the_end
[29Apr2025 15:13:17.075] [Server thread/INFO] [net.minecraft.server.MinecraftServer/]: Dev has made the advancement [Ice Bucket Challenge]
[29Apr2025 15:13:17.103] [Render thread/INFO] [net.minecraft.client.gui.components.ChatComponent/]: [System] [CHAT] Dev has made the advancement [Ice Bucket Challenge]
[29Apr2025 15:13:17.117] [Render thread/INFO] [net.minecraft.advancements.AdvancementTree/]: Loaded 13 advancements
[29Apr2025 15:14:03.309] [Server thread/INFO] [net.minecraft.server.MinecraftServer/]: The exact age of the planet is unknow but it is relavtively close to how old earth is. So, there might be complex life that has evolved on the planet if all the ideal conditions are checked and sustained atleast as long as that of earth's but it is very unlikely and currently no instrument to properly verify this claim. But it's exciting, isn't it?
[29Apr2025 15:14:03.367] [Server thread/WARN] [net.minecraft.server.MinecraftServer/]: Can't keep up! Is the server overloaded? Running 3417ms or 68 ticks behind
[29Apr2025 15:14:03.506] [Render thread/INFO] [net.minecraft.client.gui.components.ChatComponent/]: [System] [CHAT] The exact age of the planet is unknow but it is relavtively close to how old earth is. So, there might be complex life that has evolved on the planet if all the ideal conditions are checked and sustained atleast as long as that of earth's but it is very unlikely and currently no instrument to properly verify this claim. But it's exciting, isn't it?
[29Apr2025 15:14:33.353] [Server thread/INFO] [net.minecraft.server.MinecraftServer/]: Animal life here is most likely to use infrared vision along with being able to see some light of the visible spectrum to view thier environment clearly as the nights can get extremely dark and the days are not as bright as they are here on earth.
[29Apr2025 15:14:33.359] [Render thread/INFO] [net.minecraft.client.gui.components.ChatComponent/]: [System] [CHAT] Animal life here is most likely to use infrared vision along with being able to see some light of the visible spectrum to view thier environment clearly as the nights can get extremely dark and the days are not as bright as they are here on earth.
[29Apr2025 15:14:50.802] [Server thread/INFO] [net.minecraft.client.server.IntegratedServer/]: Saving and pausing game...
[29Apr2025 15:14:50.830] [Server thread/INFO] [net.minecraft.server.MinecraftServer/]: Saving chunks for level 'ServerLevel[New World]'/minecraft:overworld
[29Apr2025 15:14:50.843] [Server thread/INFO] [net.minecraft.server.MinecraftServer/]: Saving chunks for level 'ServerLevel[New World]'/proxima_adventure:proxima_b_dimension
[29Apr2025 15:14:50.847] [Server thread/INFO] [net.minecraft.server.MinecraftServer/]: Saving chunks for level 'ServerLevel[New World]'/minecraft:the_nether
[29Apr2025 15:14:50.847] [Server thread/INFO] [net.minecraft.server.MinecraftServer/]: Saving chunks for level 'ServerLevel[New World]'/minecraft:the_end
[29Apr2025 15:14:55.796] [Render thread/WARN] [net.minecraft.client.multiplayer.ClientPacketListener/]: Received passengers for unknown entity
[29Apr2025 15:16:53.053] [Server thread/INFO] [net.minecraft.server.MinecraftServer/]: The trees and grass, all of them have darker color of leaves because the light from the star is very dim and most of the light emitted lies in the infrared spectrum. So, in order to capture maximum energy from the light they recieve, they have dark leaves.
[29Apr2025 15:16:53.058] [Render thread/INFO] [net.minecraft.client.gui.components.ChatComponent/]: [System] [CHAT] The trees and grass, all of them have darker color of leaves because the light from the star is very dim and most of the light emitted lies in the infrared spectrum. So, in order to capture maximum energy from the light they recieve, they have dark leaves.
[29Apr2025 15:17:23.102] [Server thread/INFO] [net.minecraft.server.MinecraftServer/]: The trees and grass, all of them have darker color of leaves because the light from the star is very dim and most of the light emitted lies in the infrared spectrum. So, in order to capture maximum energy from the light they recieve, they have dark leaves.
[29Apr2025 15:17:23.104] [Render thread/INFO] [net.minecraft.client.gui.components.ChatComponent/]: [System] [CHAT] The trees and grass, all of them have darker color of leaves because the light from the star is very dim and most of the light emitted lies in the infrared spectrum. So, in order to capture maximum energy from the light they recieve, they have dark leaves.
[29Apr2025 15:17:50.702] [Server thread/INFO] [net.minecraft.client.server.IntegratedServer/]: Saving and pausing game...
[29Apr2025 15:17:50.843] [Server thread/INFO] [net.minecraft.server.MinecraftServer/]: Saving chunks for level 'ServerLevel[New World]'/minecraft:overworld
[29Apr2025 15:17:50.856] [Server thread/INFO] [net.minecraft.server.MinecraftServer/]: Saving chunks for level 'ServerLevel[New World]'/proxima_adventure:proxima_b_dimension
[29Apr2025 15:17:50.879] [Server thread/INFO] [net.minecraft.server.MinecraftServer/]: Saving chunks for level 'ServerLevel[New World]'/minecraft:the_nether
[29Apr2025 15:17:50.880] [Server thread/INFO] [net.minecraft.server.MinecraftServer/]: Saving chunks for level 'ServerLevel[New World]'/minecraft:the_end
[29Apr2025 15:18:09.823] [Render thread/INFO] [net.minecraft.client.Minecraft/]: Stopping!
[29Apr2025 15:18:09.906] [Server thread/INFO] [net.minecraft.server.network.ServerGamePacketListenerImpl/]: Dev lost connection: Disconnected
[29Apr2025 15:18:09.907] [Server thread/INFO] [net.minecraft.server.MinecraftServer/]: Dev left the game
[29Apr2025 15:18:09.922] [Server thread/INFO] [net.minecraft.server.network.ServerCommonPacketListenerImpl/]: Stopping singleplayer server as player logged out
[29Apr2025 15:18:09.953] [Server thread/INFO] [net.minecraft.server.MinecraftServer/]: Stopping server
[29Apr2025 15:18:09.959] [Server thread/INFO] [net.minecraft.server.MinecraftServer/]: Saving players
[29Apr2025 15:18:09.959] [Server thread/INFO] [net.minecraft.server.MinecraftServer/]: Saving worlds
[29Apr2025 15:18:13.215] [Server thread/INFO] [net.minecraft.server.MinecraftServer/]: Saving chunks for level 'ServerLevel[New World]'/minecraft:overworld
[29Apr2025 15:18:13.391] [Server thread/INFO] [net.minecraft.server.MinecraftServer/]: Saving chunks for level 'ServerLevel[New World]'/proxima_adventure:proxima_b_dimension
[29Apr2025 15:18:13.453] [Server thread/INFO] [net.minecraft.server.MinecraftServer/]: Saving chunks for level 'ServerLevel[New World]'/minecraft:the_nether
[29Apr2025 15:18:13.483] [Server thread/INFO] [net.minecraft.server.MinecraftServer/]: Saving chunks for level 'ServerLevel[New World]'/minecraft:the_end
[29Apr2025 15:18:13.515] [Server thread/INFO] [net.minecraft.server.MinecraftServer/]: ThreadedAnvilChunkStorage (New World (8)): All chunks are saved
[29Apr2025 15:18:13.516] [Server thread/INFO] [net.minecraft.server.MinecraftServer/]: ThreadedAnvilChunkStorage (proxima_b_dimension): All chunks are saved
[29Apr2025 15:18:13.516] [Server thread/INFO] [net.minecraft.server.MinecraftServer/]: ThreadedAnvilChunkStorage (DIM-1): All chunks are saved
[29Apr2025 15:18:13.516] [Server thread/INFO] [net.minecraft.server.MinecraftServer/]: ThreadedAnvilChunkStorage (DIM1): All chunks are saved
[29Apr2025 15:18:13.517] [Server thread/INFO] [net.minecraft.server.MinecraftServer/]: ThreadedAnvilChunkStorage: All dimensions are saved
